Scan started on D:\open_xml2\flash2.pptx at [27 May 14 @ 12:12:14]
Gathering search hits...
Parsing EXEs...
Scan ended on D:\open_xml2\flash2.pptx at [27 May 14 @ 12:12:14]
Scan started on D:\\tmp2\flash2.pptx\flash2.pptx_files\ppt/activeX/activeX2.bin at [27 May 14 @ 12:21:01]
Gathering search hits...
Parsing EXEs...
Scan ended on D:\\tmp2\flash2.pptx\flash2.pptx_files\ppt/activeX/activeX2.bin at [27 May 14 @ 12:21:01]
Scan started on D:\\tmp2\flash2.pptx\flash2.pptx_files\ppt/activeX/activeX2.bin at [27 May 14 @ 12:26:08]
Gathering search hits...
Parsing EXEs...
Scan ended on D:\\tmp2\flash2.pptx\flash2.pptx_files\ppt/activeX/activeX2.bin at [27 May 14 @ 12:26:08]
Scan started on D:\\tmp2\flash2.pptx\flash2.pptx_files\ppt/activeX/activeX1.bin at [27 May 14 @ 12:26:08]
Gathering search hits...
Parsing EXEs...
Scan ended on D:\\tmp2\flash2.pptx\flash2.pptx_files\ppt/activeX/activeX1.bin at [27 May 14 @ 12:26:08]
Scan started on D:\\tmp2\flash2.pptx\flash2.pptx_files\ppt/activeX/activeX2.bin at [27 May 14 @ 13:11:03]
Gathering search hits...
Parsing EXEs...
Scan ended on D:\\tmp2\flash2.pptx\flash2.pptx_files\ppt/activeX/activeX2.bin at [27 May 14 @ 13:11:03]
Scan started on D:\\tmp2\flash2.pptx\flash2.pptx_files\ppt/activeX/activeX1.bin at [27 May 14 @ 13:11:03]
Gathering search hits...
Parsing EXEs...
Scan ended on D:\\tmp2\flash2.pptx\flash2.pptx_files\ppt/activeX/activeX1.bin at [27 May 14 @ 13:11:03]
Scan started on D:\\tmp2\NFL Schedule\NFL Schedule_files\word/activeX/activeX4.bin at [27 May 14 @ 13:11:33]
Gathering search hits...
Parsing EXEs...
Scan ended on D:\\tmp2\NFL Schedule\NFL Schedule_files\word/activeX/activeX4.bin at [27 May 14 @ 13:11:33]
Scan started on D:\\tmp2\NFL Schedule\NFL Schedule_files\word/activeX/activeX1.bin at [27 May 14 @ 13:11:33]
Gathering search hits...
Parsing EXEs...
Scan started on D:\\tmp2\NFL Schedule\NFL Schedule_files\word/activeX/activeX4.bin at [27 May 14 @ 13:12:14]
Gathering search hits...
Parsing EXEs...
Scan ended on D:\\tmp2\NFL Schedule\NFL Schedule_files\word/activeX/activeX4.bin at [27 May 14 @ 13:12:14]
Scan started on D:\\tmp2\NFL Schedule\NFL Schedule_files\word/activeX/activeX1.bin at [27 May 14 @ 13:12:14]
Gathering search hits...
Parsing EXEs...
Scan started on D:\\tmp2\NFL Schedule\NFL Schedule_files\word/activeX/activeX4.bin at [27 May 14 @ 13:12:39]
Gathering search hits...
Parsing EXEs...
Scan ended on D:\\tmp2\NFL Schedule\NFL Schedule_files\word/activeX/activeX4.bin at [27 May 14 @ 13:12:39]
Scan started on D:\\tmp2\NFL Schedule\NFL Schedule_files\word/activeX/activeX1.bin at [27 May 14 @ 13:12:39]
Gathering search hits...
Parsing EXEs...
Found at: 0x182B (421376 bytes)
Scan started on D:\\tmp2\NFL Schedule\NFL Schedule_files\word/activeX/activeX4.bin at [27 May 14 @ 13:18:21]
Gathering search hits...
Parsing EXEs...
Scan ended on D:\\tmp2\NFL Schedule\NFL Schedule_files\word/activeX/activeX4.bin at [27 May 14 @ 13:18:21]
Scan started on D:\\tmp2\NFL Schedule\NFL Schedule_files\word/activeX/activeX1.bin at [27 May 14 @ 13:18:21]
Gathering search hits...
Parsing EXEs...
Found at: 0x182B (421376 bytes)
Found at: 0x2C753 (20992 bytes)
Scan ended on D:\\tmp2\NFL Schedule\NFL Schedule_files\word/activeX/activeX1.bin at [27 May 14 @ 13:18:21]
Scan started on D:\\tmp2\NFL Schedule\NFL Schedule_files\word/activeX/activeX2.bin at [27 May 14 @ 13:18:21]
Gathering search hits...
Parsing EXEs...
Scan ended on D:\\tmp2\NFL Schedule\NFL Schedule_files\word/activeX/activeX2.bin at [27 May 14 @ 13:18:21]
Scan started on D:\\tmp2\NFL Schedule\NFL Schedule_files\word/activeX/activeX3.bin at [27 May 14 @ 13:18:21]
Gathering search hits...
Parsing EXEs...
Scan ended on D:\\tmp2\NFL Schedule\NFL Schedule_files\word/activeX/activeX3.bin at [27 May 14 @ 13:18:21]
Scan started on D:\\tmp2\NFL Schedule\NFL Schedule_files\word/activeX/activeX4.bin at [27 May 14 @ 13:38:04]
Gathering search hits...
Parsing EXEs...
Scan ended on D:\\tmp2\NFL Schedule\NFL Schedule_files\word/activeX/activeX4.bin at [27 May 14 @ 13:38:04]
Scan started on D:\\tmp2\NFL Schedule\NFL Schedule_files\word/activeX/activeX1.bin at [27 May 14 @ 13:38:04]
Gathering search hits...
Parsing EXEs...
Found at: 0x182B (421376 bytes)
Found at: 0x2C753 (20992 bytes)
Scan ended on D:\\tmp2\NFL Schedule\NFL Schedule_files\word/activeX/activeX1.bin at [27 May 14 @ 13:38:04]
Scan started on D:\\tmp2\NFL Schedule\NFL Schedule_files\word/activeX/activeX2.bin at [27 May 14 @ 13:38:04]
Gathering search hits...
Parsing EXEs...
Scan ended on D:\\tmp2\NFL Schedule\NFL Schedule_files\word/activeX/activeX2.bin at [27 May 14 @ 13:38:04]
Scan started on D:\\tmp2\NFL Schedule\NFL Schedule_files\word/activeX/activeX3.bin at [27 May 14 @ 13:38:04]
Gathering search hits...
Parsing EXEs...
Scan ended on D:\\tmp2\NFL Schedule\NFL Schedule_files\word/activeX/activeX3.bin at [27 May 14 @ 13:38:04]
Scan started on D:\\tmp2\NFL Schedule\NFL Schedule_files\word/activeX/activeX4.bin at [27 May 14 @ 13:47:47]
Gathering search hits...
Parsing EXEs...
Scan started on D:\\tmp2\NFL Schedule\NFL Schedule_files\word/activeX/activeX4.bin at [27 May 14 @ 13:47:59]
Gathering search hits...
Parsing EXEs...
Scan started on D:\\tmp2\NFL Schedule\NFL Schedule_files\word/activeX/activeX4.bin at [27 May 14 @ 13:48:11]
Gathering search hits...
Parsing EXEs...
Scan ended on D:\\tmp2\NFL Schedule\NFL Schedule_files\word/activeX/activeX4.bin at [27 May 14 @ 13:48:11]
Scan started on D:\\tmp2\NFL Schedule\NFL Schedule_files\word/activeX/activeX4.bin at [27 May 14 @ 13:48:19]
Gathering search hits...
Parsing EXEs...
Scan ended on D:\\tmp2\NFL Schedule\NFL Schedule_files\word/activeX/activeX4.bin at [27 May 14 @ 13:48:19]
Scan started on D:\\tmp2\NFL Schedule\NFL Schedule_files\word/activeX/activeX1.bin at [27 May 14 @ 13:48:19]
Gathering search hits...
Parsing EXEs...
Scan started on D:\\tmp2\NFL Schedule\NFL Schedule_files\word/activeX/activeX4.bin at [27 May 14 @ 13:49:04]
Gathering search hits...
Parsing EXEs...
Scan ended on D:\\tmp2\NFL Schedule\NFL Schedule_files\word/activeX/activeX4.bin at [27 May 14 @ 13:49:04]
Scan started on D:\\tmp2\NFL Schedule\NFL Schedule_files\word/activeX/activeX1.bin at [27 May 14 @ 13:49:04]
Gathering search hits...
Parsing EXEs...
Found at: 0x182B (421376 bytes)
Found at: 0x2C753 (20992 bytes)
Scan ended on D:\\tmp2\NFL Schedule\NFL Schedule_files\word/activeX/activeX1.bin at [27 May 14 @ 13:49:04]
Scan started on D:\\tmp2\NFL Schedule\NFL Schedule_files\word/activeX/activeX2.bin at [27 May 14 @ 13:49:04]
Gathering search hits...
Parsing EXEs...
Scan ended on D:\\tmp2\NFL Schedule\NFL Schedule_files\word/activeX/activeX2.bin at [27 May 14 @ 13:49:04]
Scan started on D:\\tmp2\NFL Schedule\NFL Schedule_files\word/activeX/activeX3.bin at [27 May 14 @ 13:49:04]
Gathering search hits...
Parsing EXEs...
Scan ended on D:\\tmp2\NFL Schedule\NFL Schedule_files\word/activeX/activeX3.bin at [27 May 14 @ 13:49:04]
Scan started on D:\\tmp2\NFL Schedule\NFL Schedule_files\word/activeX/activeX4.bin at [27 May 14 @ 13:50:06]
Gathering search hits...
Parsing EXEs...
Scan ended on D:\\tmp2\NFL Schedule\NFL Schedule_files\word/activeX/activeX4.bin at [27 May 14 @ 13:50:06]
Scan started on D:\\tmp2\NFL Schedule\NFL Schedule_files\word/activeX/activeX1.bin at [27 May 14 @ 13:50:06]
Gathering search hits...
Parsing EXEs...
Found at: 0x182B (421376 bytes)
Found at: 0x2C753 (20992 bytes)
Scan ended on D:\\tmp2\NFL Schedule\NFL Schedule_files\word/activeX/activeX1.bin at [27 May 14 @ 13:50:06]
Scan started on D:\\tmp2\NFL Schedule\NFL Schedule_files\word/activeX/activeX2.bin at [27 May 14 @ 13:50:06]
Gathering search hits...
Parsing EXEs...
Scan ended on D:\\tmp2\NFL Schedule\NFL Schedule_files\word/activeX/activeX2.bin at [27 May 14 @ 13:50:06]
Scan started on D:\\tmp2\NFL Schedule\NFL Schedule_files\word/activeX/activeX3.bin at [27 May 14 @ 13:50:06]
Gathering search hits...
Parsing EXEs...
Scan ended on D:\\tmp2\NFL Schedule\NFL Schedule_files\word/activeX/activeX3.bin at [27 May 14 @ 13:50:06]
Scan started on D:\\tmp2\NFL Schedule\NFL Schedule_files\word/activeX/activeX4.bin at [27 May 14 @ 13:51:35]
Gathering search hits...
Parsing EXEs...
Scan ended on D:\\tmp2\NFL Schedule\NFL Schedule_files\word/activeX/activeX4.bin at [27 May 14 @ 13:51:35]
Scan started on D:\\tmp2\NFL Schedule\NFL Schedule_files\word/activeX/activeX1.bin at [27 May 14 @ 13:51:35]
Gathering search hits...
Parsing EXEs...
Found at: 0x182B (421376 bytes)
Found at: 0x2C753 (20992 bytes)
Scan ended on D:\\tmp2\NFL Schedule\NFL Schedule_files\word/activeX/activeX1.bin at [27 May 14 @ 13:51:35]
Scan started on D:\\tmp2\NFL Schedule\NFL Schedule_files\word/activeX/activeX2.bin at [27 May 14 @ 13:51:35]
Gathering search hits...
Parsing EXEs...
Scan ended on D:\\tmp2\NFL Schedule\NFL Schedule_files\word/activeX/activeX2.bin at [27 May 14 @ 13:51:35]
Scan started on D:\\tmp2\NFL Schedule\NFL Schedule_files\word/activeX/activeX3.bin at [27 May 14 @ 13:51:35]
Gathering search hits...
Parsing EXEs...
Scan ended on D:\\tmp2\NFL Schedule\NFL Schedule_files\word/activeX/activeX3.bin at [27 May 14 @ 13:51:35]
Scan started on D:\\tmp2\NFL Schedule\NFL Schedule_files\word/activeX/activeX4.bin at [27 May 14 @ 13:52:25]
Gathering search hits...
Parsing EXEs...
Scan ended on D:\\tmp2\NFL Schedule\NFL Schedule_files\word/activeX/activeX4.bin at [27 May 14 @ 13:52:25]
Scan started on D:\\tmp2\NFL Schedule\NFL Schedule_files\word/activeX/activeX1.bin at [27 May 14 @ 13:52:25]
Gathering search hits...
Parsing EXEs...
Found at: 0x182B (421376 bytes)
Scan started on D:\\tmp2\NFL Schedule\NFL Schedule_files\word/activeX/activeX4.bin at [27 May 14 @ 13:52:37]
Gathering search hits...
Parsing EXEs...
Scan ended on D:\\tmp2\NFL Schedule\NFL Schedule_files\word/activeX/activeX4.bin at [27 May 14 @ 13:52:37]
Scan started on D:\\tmp2\NFL Schedule\NFL Schedule_files\word/activeX/activeX1.bin at [27 May 14 @ 13:52:37]
Gathering search hits...
Parsing EXEs...
Found at: 0x182B (421376 bytes)
Found at: 0x2C753 (20992 bytes)
Scan ended on D:\\tmp2\NFL Schedule\NFL Schedule_files\word/activeX/activeX1.bin at [27 May 14 @ 13:52:37]
Scan started on D:\\tmp2\NFL Schedule\NFL Schedule_files\word/activeX/activeX2.bin at [27 May 14 @ 13:52:37]
Gathering search hits...
Parsing EXEs...
Scan ended on D:\\tmp2\NFL Schedule\NFL Schedule_files\word/activeX/activeX2.bin at [27 May 14 @ 13:52:37]
Scan started on D:\\tmp2\NFL Schedule\NFL Schedule_files\word/activeX/activeX3.bin at [27 May 14 @ 13:52:37]
Gathering search hits...
Parsing EXEs...
Scan ended on D:\\tmp2\NFL Schedule\NFL Schedule_files\word/activeX/activeX3.bin at [27 May 14 @ 13:52:37]
Scan started on D:\\tmp2\NFL Schedule\NFL Schedule_files\word/activeX/activeX4.bin at [27 May 14 @ 13:56:35]
Gathering search hits...
Parsing EXEs...
Scan ended on D:\\tmp2\NFL Schedule\NFL Schedule_files\word/activeX/activeX4.bin at [27 May 14 @ 13:56:35]
Scan started on D:\\tmp2\NFL Schedule\NFL Schedule_files\word/activeX/activeX1.bin at [27 May 14 @ 13:56:35]
Gathering search hits...
Parsing EXEs...
Found at: 0x182B (421376 bytes)
Found at: 0x2C753 (20992 bytes)
Scan ended on D:\\tmp2\NFL Schedule\NFL Schedule_files\word/activeX/activeX1.bin at [27 May 14 @ 13:56:35]
Scan started on D:\\tmp2\NFL Schedule\NFL Schedule_files\word/activeX/activeX2.bin at [27 May 14 @ 13:56:35]
Gathering search hits...
Parsing EXEs...
Scan ended on D:\\tmp2\NFL Schedule\NFL Schedule_files\word/activeX/activeX2.bin at [27 May 14 @ 13:56:35]
Scan started on D:\\tmp2\NFL Schedule\NFL Schedule_files\word/activeX/activeX3.bin at [27 May 14 @ 13:56:35]
Gathering search hits...
Parsing EXEs...
Scan ended on D:\\tmp2\NFL Schedule\NFL Schedule_files\word/activeX/activeX3.bin at [27 May 14 @ 13:56:35]
Scan started on D:\\tmp2\NFL Schedule\NFL Schedule_files\word/activeX/activeX4.bin at [27 May 14 @ 13:58:44]
Gathering search hits...
Parsing EXEs...
Scan ended on D:\\tmp2\NFL Schedule\NFL Schedule_files\word/activeX/activeX4.bin at [27 May 14 @ 13:58:44]
Scan started on D:\\tmp2\NFL Schedule\NFL Schedule_files\word/activeX/activeX1.bin at [27 May 14 @ 13:58:44]
Gathering search hits...
Parsing EXEs...
Found at: 0x182B (421376 bytes)
Found at: 0x2C753 (20992 bytes)
Scan ended on D:\\tmp2\NFL Schedule\NFL Schedule_files\word/activeX/activeX1.bin at [27 May 14 @ 13:58:44]
Scan started on D:\\tmp2\NFL Schedule\NFL Schedule_files\word/activeX/activeX2.bin at [27 May 14 @ 13:58:44]
Gathering search hits...
Parsing EXEs...
Scan ended on D:\\tmp2\NFL Schedule\NFL Schedule_files\word/activeX/activeX2.bin at [27 May 14 @ 13:58:44]
Scan started on D:\\tmp2\NFL Schedule\NFL Schedule_files\word/activeX/activeX3.bin at [27 May 14 @ 13:58:44]
Gathering search hits...
Parsing EXEs...
Scan ended on D:\\tmp2\NFL Schedule\NFL Schedule_files\word/activeX/activeX3.bin at [27 May 14 @ 13:58:44]
Scan started on D:\\tmp2\NFL Schedule\NFL Schedule_files\word/activeX/activeX4.bin at [27 May 14 @ 14:00:15]
Gathering search hits...
Parsing EXEs...
Scan ended on D:\\tmp2\NFL Schedule\NFL Schedule_files\word/activeX/activeX4.bin at [27 May 14 @ 14:00:15]
Scan started on D:\\tmp2\NFL Schedule\NFL Schedule_files\word/activeX/activeX1.bin at [27 May 14 @ 14:00:15]
Gathering search hits...
Parsing EXEs...
Found at: 0x182B (421376 bytes)
Found at: 0x2C753 (20992 bytes)
Scan ended on D:\\tmp2\NFL Schedule\NFL Schedule_files\word/activeX/activeX1.bin at [27 May 14 @ 14:00:15]
Scan started on D:\\tmp2\NFL Schedule\NFL Schedule_files\word/activeX/activeX2.bin at [27 May 14 @ 14:00:15]
Gathering search hits...
Parsing EXEs...
Scan ended on D:\\tmp2\NFL Schedule\NFL Schedule_files\word/activeX/activeX2.bin at [27 May 14 @ 14:00:15]
Scan started on D:\\tmp2\NFL Schedule\NFL Schedule_files\word/activeX/activeX3.bin at [27 May 14 @ 14:00:15]
Gathering search hits...
Parsing EXEs...
Scan ended on D:\\tmp2\NFL Schedule\NFL Schedule_files\word/activeX/activeX3.bin at [27 May 14 @ 14:00:15]
Scan started on D:\\tmp2\NFL Schedule\NFL Schedule_files\word/activeX/activeX4.bin at [27 May 14 @ 14:01:38]
Gathering search hits...
Parsing EXEs...
Scan ended on D:\\tmp2\NFL Schedule\NFL Schedule_files\word/activeX/activeX4.bin at [27 May 14 @ 14:01:38]
Scan started on D:\\tmp2\NFL Schedule\NFL Schedule_files\word/activeX/activeX1.bin at [27 May 14 @ 14:01:38]
Gathering search hits...
Parsing EXEs...
Found at: 0x182B (421376 bytes)
Found at: 0x2C753 (20992 bytes)
Scan ended on D:\\tmp2\NFL Schedule\NFL Schedule_files\word/activeX/activeX1.bin at [27 May 14 @ 14:01:38]
Scan started on D:\\tmp2\NFL Schedule\NFL Schedule_files\word/activeX/activeX2.bin at [27 May 14 @ 14:01:38]
Gathering search hits...
Parsing EXEs...
Scan ended on D:\\tmp2\NFL Schedule\NFL Schedule_files\word/activeX/activeX2.bin at [27 May 14 @ 14:01:38]
Scan started on D:\\tmp2\NFL Schedule\NFL Schedule_files\word/activeX/activeX3.bin at [27 May 14 @ 14:01:38]
Gathering search hits...
Parsing EXEs...
Scan ended on D:\\tmp2\NFL Schedule\NFL Schedule_files\word/activeX/activeX3.bin at [27 May 14 @ 14:01:38]
Scan started on D:\\tmp2\NFL Schedule\NFL Schedule_files\word/activeX/activeX4.bin at [27 May 14 @ 14:08:24]
Gathering search hits...
Parsing EXEs...
Scan ended on D:\\tmp2\NFL Schedule\NFL Schedule_files\word/activeX/activeX4.bin at [27 May 14 @ 14:08:24]
Scan started on D:\\tmp2\NFL Schedule\NFL Schedule_files\word/activeX/activeX1.bin at [27 May 14 @ 14:08:24]
Gathering search hits...
Parsing EXEs...
Found at: 0x182B (421376 bytes)
Found at: 0x2C753 (20992 bytes)
Scan ended on D:\\tmp2\NFL Schedule\NFL Schedule_files\word/activeX/activeX1.bin at [27 May 14 @ 14:08:24]
Scan started on D:\\tmp2\NFL Schedule\NFL Schedule_files\word/activeX/activeX2.bin at [27 May 14 @ 14:08:24]
Gathering search hits...
Parsing EXEs...
Scan ended on D:\\tmp2\NFL Schedule\NFL Schedule_files\word/activeX/activeX2.bin at [27 May 14 @ 14:08:24]
Scan started on D:\\tmp2\NFL Schedule\NFL Schedule_files\word/activeX/activeX3.bin at [27 May 14 @ 14:08:24]
Gathering search hits...
Parsing EXEs...
Scan ended on D:\\tmp2\NFL Schedule\NFL Schedule_files\word/activeX/activeX3.bin at [27 May 14 @ 14:08:24]
Scan started on D:\\tmp2\NFL Schedule\NFL Schedule_files\word/activeX/activeX4.bin at [27 May 14 @ 14:08:42]
Gathering search hits...
Parsing EXEs...
Scan ended on D:\\tmp2\NFL Schedule\NFL Schedule_files\word/activeX/activeX4.bin at [27 May 14 @ 14:08:42]
Scan started on D:\\tmp2\NFL Schedule\NFL Schedule_files\word/activeX/activeX1.bin at [27 May 14 @ 14:08:42]
Gathering search hits...
Parsing EXEs...
Found at: 0x182B (421376 bytes)
Found at: 0x2C753 (20992 bytes)
Scan ended on D:\\tmp2\NFL Schedule\NFL Schedule_files\word/activeX/activeX1.bin at [27 May 14 @ 14:08:43]
Scan started on D:\\tmp2\NFL Schedule\NFL Schedule_files\word/activeX/activeX2.bin at [27 May 14 @ 14:08:43]
Gathering search hits...
Parsing EXEs...
Scan ended on D:\\tmp2\NFL Schedule\NFL Schedule_files\word/activeX/activeX2.bin at [27 May 14 @ 14:08:43]
Scan started on D:\\tmp2\NFL Schedule\NFL Schedule_files\word/activeX/activeX3.bin at [27 May 14 @ 14:08:43]
Gathering search hits...
Parsing EXEs...
Scan ended on D:\\tmp2\NFL Schedule\NFL Schedule_files\word/activeX/activeX3.bin at [27 May 14 @ 14:08:43]
Scan started on D:\\tmp2\NFL Schedule\NFL Schedule_files\word/activeX/activeX4.bin at [27 May 14 @ 14:09:33]
Gathering search hits...
Parsing EXEs...
Scan ended on D:\\tmp2\NFL Schedule\NFL Schedule_files\word/activeX/activeX4.bin at [27 May 14 @ 14:09:33]
Scan started on D:\\tmp2\NFL Schedule\NFL Schedule_files\word/activeX/activeX1.bin at [27 May 14 @ 14:09:33]
Gathering search hits...
Parsing EXEs...
Found at: 0x182B (421376 bytes)
Found at: 0x2C753 (20992 bytes)
Scan ended on D:\\tmp2\NFL Schedule\NFL Schedule_files\word/activeX/activeX1.bin at [27 May 14 @ 14:09:33]
Scan started on D:\\tmp2\NFL Schedule\NFL Schedule_files\word/activeX/activeX2.bin at [27 May 14 @ 14:09:33]
Gathering search hits...
Parsing EXEs...
Scan ended on D:\\tmp2\NFL Schedule\NFL Schedule_files\word/activeX/activeX2.bin at [27 May 14 @ 14:09:33]
Scan started on D:\\tmp2\NFL Schedule\NFL Schedule_files\word/activeX/activeX3.bin at [27 May 14 @ 14:09:33]
Gathering search hits...
Parsing EXEs...
Scan ended on D:\\tmp2\NFL Schedule\NFL Schedule_files\word/activeX/activeX3.bin at [27 May 14 @ 14:09:33]
Scan started on D:\\tmp2\NFL Schedule\NFL Schedule_files\word/activeX/activeX4.bin at [27 May 14 @ 14:12:01]
Gathering search hits...
Parsing EXEs...
Scan ended on D:\\tmp2\NFL Schedule\NFL Schedule_files\word/activeX/activeX4.bin at [27 May 14 @ 14:12:01]
Scan started on D:\\tmp2\NFL Schedule\NFL Schedule_files\word/activeX/activeX1.bin at [27 May 14 @ 14:12:01]
Gathering search hits...
Parsing EXEs...
Found at: 0x182B (421376 bytes)
Found at: 0x2C753 (20992 bytes)
Scan ended on D:\\tmp2\NFL Schedule\NFL Schedule_files\word/activeX/activeX1.bin at [27 May 14 @ 14:12:01]
Scan started on D:\\tmp2\NFL Schedule\NFL Schedule_files\word/activeX/activeX2.bin at [27 May 14 @ 14:12:01]
Gathering search hits...
Parsing EXEs...
Scan ended on D:\\tmp2\NFL Schedule\NFL Schedule_files\word/activeX/activeX2.bin at [27 May 14 @ 14:12:01]
Scan started on D:\\tmp2\NFL Schedule\NFL Schedule_files\word/activeX/activeX3.bin at [27 May 14 @ 14:12:01]
Gathering search hits...
Parsing EXEs...
Scan ended on D:\\tmp2\NFL Schedule\NFL Schedule_files\word/activeX/activeX3.bin at [27 May 14 @ 14:12:01]
Scan started on D:\\tmp2\NFL Schedule\NFL Schedule_files\word/activeX/activeX4.bin at [27 May 14 @ 14:15:45]
Gathering search hits...
Parsing EXEs...
Scan ended on D:\\tmp2\NFL Schedule\NFL Schedule_files\word/activeX/activeX4.bin at [27 May 14 @ 14:15:45]
Scan started on D:\\tmp2\NFL Schedule\NFL Schedule_files\word/activeX/activeX1.bin at [27 May 14 @ 14:15:45]
Gathering search hits...
Parsing EXEs...
Found at: 0x182B (421376 bytes)
Found at: 0x2C753 (20992 bytes)
Scan ended on D:\\tmp2\NFL Schedule\NFL Schedule_files\word/activeX/activeX1.bin at [27 May 14 @ 14:15:45]
Scan started on D:\\tmp2\NFL Schedule\NFL Schedule_files\word/activeX/activeX2.bin at [27 May 14 @ 14:15:45]
Gathering search hits...
Parsing EXEs...
Scan ended on D:\\tmp2\NFL Schedule\NFL Schedule_files\word/activeX/activeX2.bin at [27 May 14 @ 14:15:45]
Scan started on D:\\tmp2\NFL Schedule\NFL Schedule_files\word/activeX/activeX3.bin at [27 May 14 @ 14:15:45]
Gathering search hits...
Parsing EXEs...
Scan ended on D:\\tmp2\NFL Schedule\NFL Schedule_files\word/activeX/activeX3.bin at [27 May 14 @ 14:15:45]
Scan started on D:\\tmp2\NFL Schedule\NFL Schedule_files\word/activeX/activeX4.bin at [27 May 14 @ 14:16:09]
Gathering search hits...
Parsing EXEs...
Scan ended on D:\\tmp2\NFL Schedule\NFL Schedule_files\word/activeX/activeX4.bin at [27 May 14 @ 14:16:09]
Scan started on D:\\tmp2\NFL Schedule\NFL Schedule_files\word/activeX/activeX1.bin at [27 May 14 @ 14:16:09]
Gathering search hits...
Parsing EXEs...
Found at: 0x182B (421376 bytes)
Found at: 0x2C753 (20992 bytes)
Scan ended on D:\\tmp2\NFL Schedule\NFL Schedule_files\word/activeX/activeX1.bin at [27 May 14 @ 14:16:09]
Scan started on D:\\tmp2\NFL Schedule\NFL Schedule_files\word/activeX/activeX2.bin at [27 May 14 @ 14:16:09]
Gathering search hits...
Parsing EXEs...
Scan ended on D:\\tmp2\NFL Schedule\NFL Schedule_files\word/activeX/activeX2.bin at [27 May 14 @ 14:16:09]
Scan started on D:\\tmp2\NFL Schedule\NFL Schedule_files\word/activeX/activeX3.bin at [27 May 14 @ 14:16:09]
Gathering search hits...
Parsing EXEs...
Scan ended on D:\\tmp2\NFL Schedule\NFL Schedule_files\word/activeX/activeX3.bin at [27 May 14 @ 14:16:10]
Scan started on D:\\tmp2\NFL Schedule\NFL Schedule_files\word/activeX/activeX4.bin at [27 May 14 @ 14:16:26]
Gathering search hits...
Parsing EXEs...
Scan ended on D:\\tmp2\NFL Schedule\NFL Schedule_files\word/activeX/activeX4.bin at [27 May 14 @ 14:16:26]
Scan started on D:\\tmp2\NFL Schedule\NFL Schedule_files\word/activeX/activeX1.bin at [27 May 14 @ 14:16:26]
Gathering search hits...
Parsing EXEs...
Found at: 0x182B (421376 bytes)
Found at: 0x2C753 (20992 bytes)
Scan ended on D:\\tmp2\NFL Schedule\NFL Schedule_files\word/activeX/activeX1.bin at [27 May 14 @ 14:16:26]
Scan started on D:\\tmp2\NFL Schedule\NFL Schedule_files\word/activeX/activeX2.bin at [27 May 14 @ 14:16:26]
Gathering search hits...
Parsing EXEs...
Scan ended on D:\\tmp2\NFL Schedule\NFL Schedule_files\word/activeX/activeX2.bin at [27 May 14 @ 14:16:26]
Scan started on D:\\tmp2\NFL Schedule\NFL Schedule_files\word/activeX/activeX3.bin at [27 May 14 @ 14:16:26]
Gathering search hits...
Parsing EXEs...
Scan ended on D:\\tmp2\NFL Schedule\NFL Schedule_files\word/activeX/activeX3.bin at [27 May 14 @ 14:16:26]
Scan started on D:\\tmp2\NFL Schedule\NFL Schedule_files\word/activeX/activeX4.bin at [27 May 14 @ 14:18:31]
Gathering search hits...
Parsing EXEs...
Scan ended on D:\\tmp2\NFL Schedule\NFL Schedule_files\word/activeX/activeX4.bin at [27 May 14 @ 14:18:31]
Scan started on D:\\tmp2\NFL Schedule\NFL Schedule_files\word/activeX/activeX1.bin at [27 May 14 @ 14:18:31]
Gathering search hits...
Parsing EXEs...
Found at: 0x182B (421376 bytes)
Found at: 0x2C753 (20992 bytes)
Scan ended on D:\\tmp2\NFL Schedule\NFL Schedule_files\word/activeX/activeX1.bin at [27 May 14 @ 14:18:31]
Scan started on D:\\tmp2\NFL Schedule\NFL Schedule_files\word/activeX/activeX2.bin at [27 May 14 @ 14:18:31]
Gathering search hits...
Parsing EXEs...
Scan ended on D:\\tmp2\NFL Schedule\NFL Schedule_files\word/activeX/activeX2.bin at [27 May 14 @ 14:18:31]
Scan started on D:\\tmp2\NFL Schedule\NFL Schedule_files\word/activeX/activeX3.bin at [27 May 14 @ 14:18:31]
Gathering search hits...
Parsing EXEs...
Scan ended on D:\\tmp2\NFL Schedule\NFL Schedule_files\word/activeX/activeX3.bin at [27 May 14 @ 14:18:31]
Scan started on D:\\tmp2\NFL Schedule\NFL Schedule_files\word/activeX/activeX4.bin at [27 May 14 @ 14:19:02]
Gathering search hits...
Parsing EXEs...
Scan ended on D:\\tmp2\NFL Schedule\NFL Schedule_files\word/activeX/activeX4.bin at [27 May 14 @ 14:19:02]
Scan started on D:\\tmp2\NFL Schedule\NFL Schedule_files\word/activeX/activeX1.bin at [27 May 14 @ 14:19:02]
Gathering search hits...
Parsing EXEs...
Found at: 0x182B (421376 bytes)
Found at: 0x2C753 (20992 bytes)
Scan ended on D:\\tmp2\NFL Schedule\NFL Schedule_files\word/activeX/activeX1.bin at [27 May 14 @ 14:19:02]
Scan started on D:\\tmp2\NFL Schedule\NFL Schedule_files\word/activeX/activeX2.bin at [27 May 14 @ 14:19:02]
Gathering search hits...
Parsing EXEs...
Scan ended on D:\\tmp2\NFL Schedule\NFL Schedule_files\word/activeX/activeX2.bin at [27 May 14 @ 14:19:02]
Scan started on D:\\tmp2\NFL Schedule\NFL Schedule_files\word/activeX/activeX3.bin at [27 May 14 @ 14:19:02]
Gathering search hits...
Parsing EXEs...
Scan ended on D:\\tmp2\NFL Schedule\NFL Schedule_files\word/activeX/activeX3.bin at [27 May 14 @ 14:19:02]
Scan started on D:\\tmp2\NFL Schedule\NFL Schedule_files\word/activeX/activeX4.bin at [27 May 14 @ 14:19:20]
Gathering search hits...
Parsing EXEs...
Scan ended on D:\\tmp2\NFL Schedule\NFL Schedule_files\word/activeX/activeX4.bin at [27 May 14 @ 14:19:20]
Scan started on D:\\tmp2\NFL Schedule\NFL Schedule_files\word/activeX/activeX1.bin at [27 May 14 @ 14:19:20]
Gathering search hits...
Parsing EXEs...
Found at: 0x182B (421376 bytes)
Found at: 0x2C753 (20992 bytes)
Scan ended on D:\\tmp2\NFL Schedule\NFL Schedule_files\word/activeX/activeX1.bin at [27 May 14 @ 14:19:20]
Scan started on D:\\tmp2\NFL Schedule\NFL Schedule_files\word/activeX/activeX2.bin at [27 May 14 @ 14:19:20]
Gathering search hits...
Parsing EXEs...
Scan ended on D:\\tmp2\NFL Schedule\NFL Schedule_files\word/activeX/activeX2.bin at [27 May 14 @ 14:19:20]
Scan started on D:\\tmp2\NFL Schedule\NFL Schedule_files\word/activeX/activeX3.bin at [27 May 14 @ 14:19:20]
Gathering search hits...
Parsing EXEs...
Scan ended on D:\\tmp2\NFL Schedule\NFL Schedule_files\word/activeX/activeX3.bin at [27 May 14 @ 14:19:20]
Scan started on D:\\tmp2\NFL Schedule\NFL Schedule_files\word/activeX/activeX4.bin at [27 May 14 @ 14:20:35]
Gathering search hits...
Parsing EXEs...
Scan ended on D:\\tmp2\NFL Schedule\NFL Schedule_files\word/activeX/activeX4.bin at [27 May 14 @ 14:20:35]
Scan started on D:\\tmp2\NFL Schedule\NFL Schedule_files\word/activeX/activeX1.bin at [27 May 14 @ 14:20:35]
Gathering search hits...
Parsing EXEs...
Found at: 0x182B (421376 bytes)
Found at: 0x2C753 (20992 bytes)
Scan ended on D:\\tmp2\NFL Schedule\NFL Schedule_files\word/activeX/activeX1.bin at [27 May 14 @ 14:20:35]
Scan started on D:\\tmp2\NFL Schedule\NFL Schedule_files\word/activeX/activeX2.bin at [27 May 14 @ 14:20:35]
Gathering search hits...
Parsing EXEs...
Scan ended on D:\\tmp2\NFL Schedule\NFL Schedule_files\word/activeX/activeX2.bin at [27 May 14 @ 14:20:35]
Scan started on D:\\tmp2\NFL Schedule\NFL Schedule_files\word/activeX/activeX3.bin at [27 May 14 @ 14:20:35]
Gathering search hits...
Parsing EXEs...
Scan ended on D:\\tmp2\NFL Schedule\NFL Schedule_files\word/activeX/activeX3.bin at [27 May 14 @ 14:20:35]
Scan started on D:\\tmp2\NFL Schedule\NFL Schedule_files\word/activeX/activeX4.bin at [27 May 14 @ 14:21:44]
Gathering search hits...
Parsing EXEs...
Scan ended on D:\\tmp2\NFL Schedule\NFL Schedule_files\word/activeX/activeX4.bin at [27 May 14 @ 14:21:44]
Scan started on D:\\tmp2\NFL Schedule\NFL Schedule_files\word/activeX/activeX1.bin at [27 May 14 @ 14:21:44]
Gathering search hits...
Parsing EXEs...
Found at: 0x182B (421376 bytes)
Found at: 0x2C753 (20992 bytes)
Scan ended on D:\\tmp2\NFL Schedule\NFL Schedule_files\word/activeX/activeX1.bin at [27 May 14 @ 14:21:44]
Scan started on D:\\tmp2\NFL Schedule\NFL Schedule_files\word/activeX/activeX2.bin at [27 May 14 @ 14:21:44]
Gathering search hits...
Parsing EXEs...
Scan ended on D:\\tmp2\NFL Schedule\NFL Schedule_files\word/activeX/activeX2.bin at [27 May 14 @ 14:21:44]
Scan started on D:\\tmp2\NFL Schedule\NFL Schedule_files\word/activeX/activeX3.bin at [27 May 14 @ 14:21:44]
Gathering search hits...
Parsing EXEs...
Scan ended on D:\\tmp2\NFL Schedule\NFL Schedule_files\word/activeX/activeX3.bin at [27 May 14 @ 14:21:44]
Scan started on D:\\tmp2\NFL Schedule\NFL Schedule_files\word/activeX/activeX4.bin at [27 May 14 @ 14:27:28]
Gathering search hits...
Parsing EXEs...
Scan ended on D:\\tmp2\NFL Schedule\NFL Schedule_files\word/activeX/activeX4.bin at [27 May 14 @ 14:27:28]
Scan started on D:\\tmp2\NFL Schedule\NFL Schedule_files\word/activeX/activeX1.bin at [27 May 14 @ 14:27:28]
Gathering search hits...
Parsing EXEs...
Found at: 0x182B (421376 bytes)
Found at: 0x2C753 (20992 bytes)
Scan ended on D:\\tmp2\NFL Schedule\NFL Schedule_files\word/activeX/activeX1.bin at [27 May 14 @ 14:27:28]
Scan started on D:\\tmp2\NFL Schedule\NFL Schedule_files\word/activeX/activeX2.bin at [27 May 14 @ 14:27:28]
Gathering search hits...
Parsing EXEs...
Scan ended on D:\\tmp2\NFL Schedule\NFL Schedule_files\word/activeX/activeX2.bin at [27 May 14 @ 14:27:28]
Scan started on D:\\tmp2\NFL Schedule\NFL Schedule_files\word/activeX/activeX3.bin at [27 May 14 @ 14:27:28]
Gathering search hits...
Parsing EXEs...
Scan ended on D:\\tmp2\NFL Schedule\NFL Schedule_files\word/activeX/activeX3.bin at [27 May 14 @ 14:27:28]
Scan started on D:\\tmp2\NFL Schedule\NFL Schedule_files\word/activeX/activeX4.bin at [27 May 14 @ 14:27:53]
Gathering search hits...
Parsing EXEs...
Scan ended on D:\\tmp2\NFL Schedule\NFL Schedule_files\word/activeX/activeX4.bin at [27 May 14 @ 14:27:53]
Scan started on D:\\tmp2\NFL Schedule\NFL Schedule_files\word/activeX/activeX1.bin at [27 May 14 @ 14:27:53]
Gathering search hits...
Parsing EXEs...
Found at: 0x182B (421376 bytes)
Found at: 0x2C753 (20992 bytes)
Scan ended on D:\\tmp2\NFL Schedule\NFL Schedule_files\word/activeX/activeX1.bin at [27 May 14 @ 14:27:53]
Scan started on D:\\tmp2\NFL Schedule\NFL Schedule_files\word/activeX/activeX2.bin at [27 May 14 @ 14:27:53]
Gathering search hits...
Parsing EXEs...
Scan ended on D:\\tmp2\NFL Schedule\NFL Schedule_files\word/activeX/activeX2.bin at [27 May 14 @ 14:27:53]
Scan started on D:\\tmp2\NFL Schedule\NFL Schedule_files\word/activeX/activeX3.bin at [27 May 14 @ 14:27:53]
Gathering search hits...
Parsing EXEs...
Scan ended on D:\\tmp2\NFL Schedule\NFL Schedule_files\word/activeX/activeX3.bin at [27 May 14 @ 14:27:53]
Scan started on D:\\tmp2\NFL Schedule\NFL Schedule_files\word/activeX/activeX4.bin at [27 May 14 @ 14:28:07]
Gathering search hits...
Parsing EXEs...
Scan ended on D:\\tmp2\NFL Schedule\NFL Schedule_files\word/activeX/activeX4.bin at [27 May 14 @ 14:28:07]
Scan started on D:\\tmp2\NFL Schedule\NFL Schedule_files\word/activeX/activeX1.bin at [27 May 14 @ 14:28:07]
Gathering search hits...
Parsing EXEs...
Found at: 0x182B (421376 bytes)
Found at: 0x2C753 (20992 bytes)
Scan ended on D:\\tmp2\NFL Schedule\NFL Schedule_files\word/activeX/activeX1.bin at [27 May 14 @ 14:28:07]
Scan started on D:\\tmp2\NFL Schedule\NFL Schedule_files\word/activeX/activeX2.bin at [27 May 14 @ 14:28:07]
Gathering search hits...
Parsing EXEs...
Scan ended on D:\\tmp2\NFL Schedule\NFL Schedule_files\word/activeX/activeX2.bin at [27 May 14 @ 14:28:07]
Scan started on D:\\tmp2\NFL Schedule\NFL Schedule_files\word/activeX/activeX3.bin at [27 May 14 @ 14:28:07]
Gathering search hits...
Parsing EXEs...
Scan ended on D:\\tmp2\NFL Schedule\NFL Schedule_files\word/activeX/activeX3.bin at [27 May 14 @ 14:28:07]
Scan started on D:\\tmp2\NFL Schedule\NFL Schedule_files\word/activeX/activeX4.bin at [27 May 14 @ 14:28:24]
Gathering search hits...
Parsing EXEs...
Scan ended on D:\\tmp2\NFL Schedule\NFL Schedule_files\word/activeX/activeX4.bin at [27 May 14 @ 14:28:24]
Scan started on D:\\tmp2\NFL Schedule\NFL Schedule_files\word/activeX/activeX1.bin at [27 May 14 @ 14:28:24]
Gathering search hits...
Parsing EXEs...
Found at: 0x182B (421376 bytes)
Found at: 0x2C753 (20992 bytes)
Scan ended on D:\\tmp2\NFL Schedule\NFL Schedule_files\word/activeX/activeX1.bin at [27 May 14 @ 14:28:24]
Scan started on D:\\tmp2\NFL Schedule\NFL Schedule_files\word/activeX/activeX2.bin at [27 May 14 @ 14:28:24]
Gathering search hits...
Parsing EXEs...
Scan ended on D:\\tmp2\NFL Schedule\NFL Schedule_files\word/activeX/activeX2.bin at [27 May 14 @ 14:28:24]
Scan started on D:\\tmp2\NFL Schedule\NFL Schedule_files\word/activeX/activeX3.bin at [27 May 14 @ 14:28:24]
Gathering search hits...
Parsing EXEs...
Scan ended on D:\\tmp2\NFL Schedule\NFL Schedule_files\word/activeX/activeX3.bin at [27 May 14 @ 14:28:24]
Scan started on D:\\tmp2\NFL Schedule\NFL Schedule_files\word/activeX/activeX4.bin at [27 May 14 @ 14:29:20]
Gathering search hits...
Parsing EXEs...
Scan ended on D:\\tmp2\NFL Schedule\NFL Schedule_files\word/activeX/activeX4.bin at [27 May 14 @ 14:29:20]
Scan started on D:\\tmp2\NFL Schedule\NFL Schedule_files\word/activeX/activeX1.bin at [27 May 14 @ 14:29:20]
Gathering search hits...
Parsing EXEs...
Found at: 0x182B (421376 bytes)
Found at: 0x2C753 (20992 bytes)
Scan ended on D:\\tmp2\NFL Schedule\NFL Schedule_files\word/activeX/activeX1.bin at [27 May 14 @ 14:29:20]
Scan started on D:\\tmp2\NFL Schedule\NFL Schedule_files\word/activeX/activeX2.bin at [27 May 14 @ 14:29:20]
Gathering search hits...
Parsing EXEs...
Scan ended on D:\\tmp2\NFL Schedule\NFL Schedule_files\word/activeX/activeX2.bin at [27 May 14 @ 14:29:20]
Scan started on D:\\tmp2\NFL Schedule\NFL Schedule_files\word/activeX/activeX3.bin at [27 May 14 @ 14:29:20]
Gathering search hits...
Parsing EXEs...
Scan ended on D:\\tmp2\NFL Schedule\NFL Schedule_files\word/activeX/activeX3.bin at [27 May 14 @ 14:29:20]
Scan started on D:\\tmp2\NFL Schedule\NFL Schedule_files\word/activeX/activeX4.bin at [27 May 14 @ 14:30:08]
Gathering search hits...
Parsing EXEs...
Scan ended on D:\\tmp2\NFL Schedule\NFL Schedule_files\word/activeX/activeX4.bin at [27 May 14 @ 14:30:08]
Scan started on D:\\tmp2\NFL Schedule\NFL Schedule_files\word/activeX/activeX1.bin at [27 May 14 @ 14:30:08]
Gathering search hits...
Parsing EXEs...
Found at: 0x182B (421376 bytes)
Found at: 0x2C753 (20992 bytes)
Scan ended on D:\\tmp2\NFL Schedule\NFL Schedule_files\word/activeX/activeX1.bin at [27 May 14 @ 14:30:08]
Scan started on D:\\tmp2\NFL Schedule\NFL Schedule_files\word/activeX/activeX2.bin at [27 May 14 @ 14:30:08]
Gathering search hits...
Parsing EXEs...
Scan ended on D:\\tmp2\NFL Schedule\NFL Schedule_files\word/activeX/activeX2.bin at [27 May 14 @ 14:30:08]
Scan started on D:\\tmp2\NFL Schedule\NFL Schedule_files\word/activeX/activeX3.bin at [27 May 14 @ 14:30:08]
Gathering search hits...
Parsing EXEs...
Scan ended on D:\\tmp2\NFL Schedule\NFL Schedule_files\word/activeX/activeX3.bin at [27 May 14 @ 14:30:08]
Scan started on D:\\tmp2\NFL Schedule\NFL Schedule_files\word/activeX/activeX4.bin at [27 May 14 @ 14:30:24]
Gathering search hits...
Parsing EXEs...
Scan ended on D:\\tmp2\NFL Schedule\NFL Schedule_files\word/activeX/activeX4.bin at [27 May 14 @ 14:30:24]
Scan started on D:\\tmp2\NFL Schedule\NFL Schedule_files\word/activeX/activeX1.bin at [27 May 14 @ 14:30:24]
Gathering search hits...
Parsing EXEs...
Found at: 0x182B (421376 bytes)
Found at: 0x2C753 (20992 bytes)
Scan ended on D:\\tmp2\NFL Schedule\NFL Schedule_files\word/activeX/activeX1.bin at [27 May 14 @ 14:30:24]
Scan started on D:\\tmp2\NFL Schedule\NFL Schedule_files\word/activeX/activeX2.bin at [27 May 14 @ 14:30:24]
Gathering search hits...
Parsing EXEs...
Scan ended on D:\\tmp2\NFL Schedule\NFL Schedule_files\word/activeX/activeX2.bin at [27 May 14 @ 14:30:24]
Scan started on D:\\tmp2\NFL Schedule\NFL Schedule_files\word/activeX/activeX3.bin at [27 May 14 @ 14:30:24]
Gathering search hits...
Parsing EXEs...
Scan ended on D:\\tmp2\NFL Schedule\NFL Schedule_files\word/activeX/activeX3.bin at [27 May 14 @ 14:30:24]
Scan started on D:\\tmp2\NFL Schedule\NFL Schedule_files\word/activeX/activeX4.bin at [27 May 14 @ 14:31:17]
Gathering search hits...
Parsing EXEs...
Scan ended on D:\\tmp2\NFL Schedule\NFL Schedule_files\word/activeX/activeX4.bin at [27 May 14 @ 14:31:17]
Scan started on D:\\tmp2\NFL Schedule\NFL Schedule_files\word/activeX/activeX1.bin at [27 May 14 @ 14:31:17]
Gathering search hits...
Parsing EXEs...
Found at: 0x182B (421376 bytes)
Found at: 0x2C753 (20992 bytes)
Scan ended on D:\\tmp2\NFL Schedule\NFL Schedule_files\word/activeX/activeX1.bin at [27 May 14 @ 14:31:17]
Scan started on D:\\tmp2\NFL Schedule\NFL Schedule_files\word/activeX/activeX2.bin at [27 May 14 @ 14:31:17]
Gathering search hits...
Parsing EXEs...
Scan ended on D:\\tmp2\NFL Schedule\NFL Schedule_files\word/activeX/activeX2.bin at [27 May 14 @ 14:31:17]
Scan started on D:\\tmp2\NFL Schedule\NFL Schedule_files\word/activeX/activeX3.bin at [27 May 14 @ 14:31:17]
Gathering search hits...
Parsing EXEs...
Scan ended on D:\\tmp2\NFL Schedule\NFL Schedule_files\word/activeX/activeX3.bin at [27 May 14 @ 14:31:17]
Scan started on D:\\tmp2\NFL Schedule\NFL Schedule_files\word/activeX/activeX4.bin at [27 May 14 @ 14:31:28]
Gathering search hits...
Parsing EXEs...
Scan ended on D:\\tmp2\NFL Schedule\NFL Schedule_files\word/activeX/activeX4.bin at [27 May 14 @ 14:31:28]
Scan started on D:\\tmp2\NFL Schedule\NFL Schedule_files\word/activeX/activeX1.bin at [27 May 14 @ 14:31:28]
Gathering search hits...
Parsing EXEs...
Found at: 0x182B (421376 bytes)
Found at: 0x2C753 (20992 bytes)
Scan ended on D:\\tmp2\NFL Schedule\NFL Schedule_files\word/activeX/activeX1.bin at [27 May 14 @ 14:31:28]
Scan started on D:\\tmp2\NFL Schedule\NFL Schedule_files\word/activeX/activeX2.bin at [27 May 14 @ 14:31:28]
Gathering search hits...
Parsing EXEs...
Scan ended on D:\\tmp2\NFL Schedule\NFL Schedule_files\word/activeX/activeX2.bin at [27 May 14 @ 14:31:28]
Scan started on D:\\tmp2\NFL Schedule\NFL Schedule_files\word/activeX/activeX3.bin at [27 May 14 @ 14:31:28]
Gathering search hits...
Parsing EXEs...
Scan ended on D:\\tmp2\NFL Schedule\NFL Schedule_files\word/activeX/activeX3.bin at [27 May 14 @ 14:31:28]
Scan started on D:\\tmp2\NFL Schedule\NFL Schedule_files\word/activeX/activeX4.bin at [27 May 14 @ 14:32:09]
Gathering search hits...
Parsing EXEs...
Scan ended on D:\\tmp2\NFL Schedule\NFL Schedule_files\word/activeX/activeX4.bin at [27 May 14 @ 14:32:09]
Scan started on D:\\tmp2\NFL Schedule\NFL Schedule_files\word/activeX/activeX1.bin at [27 May 14 @ 14:32:09]
Gathering search hits...
Parsing EXEs...
Found at: 0x182B (421376 bytes)
Found at: 0x2C753 (20992 bytes)
Scan ended on D:\\tmp2\NFL Schedule\NFL Schedule_files\word/activeX/activeX1.bin at [27 May 14 @ 14:32:09]
Scan started on D:\\tmp2\NFL Schedule\NFL Schedule_files\word/activeX/activeX2.bin at [27 May 14 @ 14:32:09]
Gathering search hits...
Parsing EXEs...
Scan ended on D:\\tmp2\NFL Schedule\NFL Schedule_files\word/activeX/activeX2.bin at [27 May 14 @ 14:32:09]
Scan started on D:\\tmp2\NFL Schedule\NFL Schedule_files\word/activeX/activeX3.bin at [27 May 14 @ 14:32:09]
Gathering search hits...
Parsing EXEs...
Scan ended on D:\\tmp2\NFL Schedule\NFL Schedule_files\word/activeX/activeX3.bin at [27 May 14 @ 14:32:09]
Scan started on D:\\tmp2\NFL Schedule\NFL Schedule_files\word/activeX/activeX4.bin at [27 May 14 @ 14:32:31]
Gathering search hits...
Parsing EXEs...
Scan ended on D:\\tmp2\NFL Schedule\NFL Schedule_files\word/activeX/activeX4.bin at [27 May 14 @ 14:32:31]
Scan started on D:\\tmp2\NFL Schedule\NFL Schedule_files\word/activeX/activeX1.bin at [27 May 14 @ 14:32:31]
Gathering search hits...
Parsing EXEs...
Found at: 0x182B (421376 bytes)
Found at: 0x2C753 (20992 bytes)
Scan ended on D:\\tmp2\NFL Schedule\NFL Schedule_files\word/activeX/activeX1.bin at [27 May 14 @ 14:32:31]
Scan started on D:\\tmp2\NFL Schedule\NFL Schedule_files\word/activeX/activeX2.bin at [27 May 14 @ 14:32:31]
Gathering search hits...
Parsing EXEs...
Scan ended on D:\\tmp2\NFL Schedule\NFL Schedule_files\word/activeX/activeX2.bin at [27 May 14 @ 14:32:31]
Scan started on D:\\tmp2\NFL Schedule\NFL Schedule_files\word/activeX/activeX3.bin at [27 May 14 @ 14:32:31]
Gathering search hits...
Parsing EXEs...
Scan ended on D:\\tmp2\NFL Schedule\NFL Schedule_files\word/activeX/activeX3.bin at [27 May 14 @ 14:32:31]
Scan started on D:\\tmp2\NFL Schedule\NFL Schedule_files\word/activeX/activeX4.bin at [27 May 14 @ 14:32:56]
Gathering search hits...
Parsing EXEs...
Scan ended on D:\\tmp2\NFL Schedule\NFL Schedule_files\word/activeX/activeX4.bin at [27 May 14 @ 14:32:56]
Scan started on D:\\tmp2\NFL Schedule\NFL Schedule_files\word/activeX/activeX1.bin at [27 May 14 @ 14:32:56]
Gathering search hits...
Parsing EXEs...
Found at: 0x182B (421376 bytes)
Found at: 0x2C753 (20992 bytes)
Scan ended on D:\\tmp2\NFL Schedule\NFL Schedule_files\word/activeX/activeX1.bin at [27 May 14 @ 14:32:56]
Scan started on D:\\tmp2\NFL Schedule\NFL Schedule_files\word/activeX/activeX2.bin at [27 May 14 @ 14:32:56]
Gathering search hits...
Parsing EXEs...
Scan ended on D:\\tmp2\NFL Schedule\NFL Schedule_files\word/activeX/activeX2.bin at [27 May 14 @ 14:32:56]
Scan started on D:\\tmp2\NFL Schedule\NFL Schedule_files\word/activeX/activeX3.bin at [27 May 14 @ 14:32:56]
Gathering search hits...
Parsing EXEs...
Scan ended on D:\\tmp2\NFL Schedule\NFL Schedule_files\word/activeX/activeX3.bin at [27 May 14 @ 14:32:56]
Scan started on D:\\tmp2\NFL Schedule\NFL Schedule_files\word/activeX/activeX4.bin at [27 May 14 @ 14:34:06]
Gathering search hits...
Parsing EXEs...
Scan ended on D:\\tmp2\NFL Schedule\NFL Schedule_files\word/activeX/activeX4.bin at [27 May 14 @ 14:34:06]
Scan started on D:\\tmp2\NFL Schedule\NFL Schedule_files\word/activeX/activeX1.bin at [27 May 14 @ 14:34:06]
Gathering search hits...
Parsing EXEs...
Found at: 0x182B (421376 bytes)
Found at: 0x2C753 (20992 bytes)
Scan ended on D:\\tmp2\NFL Schedule\NFL Schedule_files\word/activeX/activeX1.bin at [27 May 14 @ 14:34:06]
Scan started on D:\\tmp2\NFL Schedule\NFL Schedule_files\word/activeX/activeX2.bin at [27 May 14 @ 14:34:06]
Gathering search hits...
Parsing EXEs...
Scan ended on D:\\tmp2\NFL Schedule\NFL Schedule_files\word/activeX/activeX2.bin at [27 May 14 @ 14:34:06]
Scan started on D:\\tmp2\NFL Schedule\NFL Schedule_files\word/activeX/activeX3.bin at [27 May 14 @ 14:34:06]
Gathering search hits...
Parsing EXEs...
Scan ended on D:\\tmp2\NFL Schedule\NFL Schedule_files\word/activeX/activeX3.bin at [27 May 14 @ 14:34:06]
Scan started on D:\\tmp2\NFL Schedule\NFL Schedule_files\word/activeX/activeX4.bin at [27 May 14 @ 14:34:32]
Gathering search hits...
Parsing EXEs...
Scan ended on D:\\tmp2\NFL Schedule\NFL Schedule_files\word/activeX/activeX4.bin at [27 May 14 @ 14:34:32]
Scan started on D:\\tmp2\NFL Schedule\NFL Schedule_files\word/activeX/activeX1.bin at [27 May 14 @ 14:34:32]
Gathering search hits...
Parsing EXEs...
Found at: 0x182B (421376 bytes)
Found at: 0x2C753 (20992 bytes)
Scan ended on D:\\tmp2\NFL Schedule\NFL Schedule_files\word/activeX/activeX1.bin at [27 May 14 @ 14:34:32]
Scan started on D:\\tmp2\NFL Schedule\NFL Schedule_files\word/activeX/activeX2.bin at [27 May 14 @ 14:34:32]
Gathering search hits...
Parsing EXEs...
Scan ended on D:\\tmp2\NFL Schedule\NFL Schedule_files\word/activeX/activeX2.bin at [27 May 14 @ 14:34:32]
Scan started on D:\\tmp2\NFL Schedule\NFL Schedule_files\word/activeX/activeX3.bin at [27 May 14 @ 14:34:32]
Gathering search hits...
Parsing EXEs...
Scan ended on D:\\tmp2\NFL Schedule\NFL Schedule_files\word/activeX/activeX3.bin at [27 May 14 @ 14:34:32]
Scan started on D:\\tmp2\NFL Schedule\NFL Schedule_files\word/activeX/activeX4.bin at [27 May 14 @ 14:36:39]
Gathering search hits...
Parsing EXEs...
Scan ended on D:\\tmp2\NFL Schedule\NFL Schedule_files\word/activeX/activeX4.bin at [27 May 14 @ 14:36:39]
Scan started on D:\\tmp2\NFL Schedule\NFL Schedule_files\word/activeX/activeX1.bin at [27 May 14 @ 14:36:39]
Gathering search hits...
Parsing EXEs...
Found at: 0x182B (421376 bytes)
Found at: 0x2C753 (20992 bytes)
Scan ended on D:\\tmp2\NFL Schedule\NFL Schedule_files\word/activeX/activeX1.bin at [27 May 14 @ 14:36:39]
Scan started on D:\\tmp2\NFL Schedule\NFL Schedule_files\word/activeX/activeX2.bin at [27 May 14 @ 14:36:39]
Gathering search hits...
Parsing EXEs...
Scan ended on D:\\tmp2\NFL Schedule\NFL Schedule_files\word/activeX/activeX2.bin at [27 May 14 @ 14:36:39]
Scan started on D:\\tmp2\NFL Schedule\NFL Schedule_files\word/activeX/activeX3.bin at [27 May 14 @ 14:36:39]
Gathering search hits...
Parsing EXEs...
Scan ended on D:\\tmp2\NFL Schedule\NFL Schedule_files\word/activeX/activeX3.bin at [27 May 14 @ 14:36:39]
Scan started on D:\\tmp2\NFL Schedule\NFL Schedule_files\word/activeX/activeX4.bin at [27 May 14 @ 14:37:40]
Gathering search hits...
Parsing EXEs...
Scan ended on D:\\tmp2\NFL Schedule\NFL Schedule_files\word/activeX/activeX4.bin at [27 May 14 @ 14:37:40]
Scan started on D:\\tmp2\NFL Schedule\NFL Schedule_files\word/activeX/activeX1.bin at [27 May 14 @ 14:37:40]
Gathering search hits...
Parsing EXEs...
Found at: 0x182B (421376 bytes)
Found at: 0x2C753 (20992 bytes)
Scan ended on D:\\tmp2\NFL Schedule\NFL Schedule_files\word/activeX/activeX1.bin at [27 May 14 @ 14:37:40]
Scan started on D:\\tmp2\NFL Schedule\NFL Schedule_files\word/activeX/activeX2.bin at [27 May 14 @ 14:37:40]
Gathering search hits...
Parsing EXEs...
Scan ended on D:\\tmp2\NFL Schedule\NFL Schedule_files\word/activeX/activeX2.bin at [27 May 14 @ 14:37:40]
Scan started on D:\\tmp2\NFL Schedule\NFL Schedule_files\word/activeX/activeX3.bin at [27 May 14 @ 14:37:40]
Gathering search hits...
Parsing EXEs...
Scan ended on D:\\tmp2\NFL Schedule\NFL Schedule_files\word/activeX/activeX3.bin at [27 May 14 @ 14:37:40]
Scan started on D:\\tmp2\NFL Schedule\NFL Schedule_files\word/activeX/activeX4.bin at [27 May 14 @ 14:38:21]
Gathering search hits...
Parsing EXEs...
Scan ended on D:\\tmp2\NFL Schedule\NFL Schedule_files\word/activeX/activeX4.bin at [27 May 14 @ 14:38:21]
Scan started on D:\\tmp2\NFL Schedule\NFL Schedule_files\word/activeX/activeX1.bin at [27 May 14 @ 14:38:21]
Gathering search hits...
Parsing EXEs...
Found at: 0x182B (421376 bytes)
Found at: 0x2C753 (20992 bytes)
Scan ended on D:\\tmp2\NFL Schedule\NFL Schedule_files\word/activeX/activeX1.bin at [27 May 14 @ 14:38:22]
Scan started on D:\\tmp2\NFL Schedule\NFL Schedule_files\word/activeX/activeX2.bin at [27 May 14 @ 14:38:22]
Gathering search hits...
Parsing EXEs...
Scan ended on D:\\tmp2\NFL Schedule\NFL Schedule_files\word/activeX/activeX2.bin at [27 May 14 @ 14:38:22]
Scan started on D:\\tmp2\NFL Schedule\NFL Schedule_files\word/activeX/activeX3.bin at [27 May 14 @ 14:38:22]
Gathering search hits...
Parsing EXEs...
Scan ended on D:\\tmp2\NFL Schedule\NFL Schedule_files\word/activeX/activeX3.bin at [27 May 14 @ 14:38:22]
Scan started on D:\\tmp2\NFL Schedule\NFL Schedule_files\word/activeX/activeX4.bin at [27 May 14 @ 14:40:40]
Gathering search hits...
Parsing EXEs...
Scan ended on D:\\tmp2\NFL Schedule\NFL Schedule_files\word/activeX/activeX4.bin at [27 May 14 @ 14:40:40]
Scan started on D:\\tmp2\NFL Schedule\NFL Schedule_files\word/activeX/activeX1.bin at [27 May 14 @ 14:40:40]
Gathering search hits...
Parsing EXEs...
Found at: 0x182B (421376 bytes)
Found at: 0x2C753 (20992 bytes)
Scan ended on D:\\tmp2\NFL Schedule\NFL Schedule_files\word/activeX/activeX1.bin at [27 May 14 @ 14:40:40]
Scan started on D:\\tmp2\NFL Schedule\NFL Schedule_files\word/activeX/activeX2.bin at [27 May 14 @ 14:40:40]
Gathering search hits...
Parsing EXEs...
Scan ended on D:\\tmp2\NFL Schedule\NFL Schedule_files\word/activeX/activeX2.bin at [27 May 14 @ 14:40:40]
Scan started on D:\\tmp2\NFL Schedule\NFL Schedule_files\word/activeX/activeX3.bin at [27 May 14 @ 14:40:40]
Gathering search hits...
Parsing EXEs...
Scan ended on D:\\tmp2\NFL Schedule\NFL Schedule_files\word/activeX/activeX3.bin at [27 May 14 @ 14:40:40]
Scan started on D:\\tmp2\NFL Schedule\NFL Schedule_files\word/activeX/activeX4.bin at [27 May 14 @ 14:41:32]
Gathering search hits...
Parsing EXEs...
Scan ended on D:\\tmp2\NFL Schedule\NFL Schedule_files\word/activeX/activeX4.bin at [27 May 14 @ 14:41:32]
Scan started on D:\\tmp2\NFL Schedule\NFL Schedule_files\word/activeX/activeX1.bin at [27 May 14 @ 14:41:32]
Gathering search hits...
Parsing EXEs...
Found at: 0x182B (421376 bytes)
Found at: 0x2C753 (20992 bytes)
Scan ended on D:\\tmp2\NFL Schedule\NFL Schedule_files\word/activeX/activeX1.bin at [27 May 14 @ 14:41:32]
Scan started on D:\\tmp2\NFL Schedule\NFL Schedule_files\word/activeX/activeX2.bin at [27 May 14 @ 14:41:32]
Gathering search hits...
Parsing EXEs...
Scan ended on D:\\tmp2\NFL Schedule\NFL Schedule_files\word/activeX/activeX2.bin at [27 May 14 @ 14:41:32]
Scan started on D:\\tmp2\NFL Schedule\NFL Schedule_files\word/activeX/activeX3.bin at [27 May 14 @ 14:41:32]
Gathering search hits...
Parsing EXEs...
Scan ended on D:\\tmp2\NFL Schedule\NFL Schedule_files\word/activeX/activeX3.bin at [27 May 14 @ 14:41:32]
Scan started on D:\\tmp2\NFL Schedule\NFL Schedule_files\word/activeX/activeX4.bin at [27 May 14 @ 14:41:49]
Gathering search hits...
Parsing EXEs...
Scan ended on D:\\tmp2\NFL Schedule\NFL Schedule_files\word/activeX/activeX4.bin at [27 May 14 @ 14:41:49]
Scan started on D:\\tmp2\NFL Schedule\NFL Schedule_files\word/activeX/activeX1.bin at [27 May 14 @ 14:41:49]
Gathering search hits...
Parsing EXEs...
Found at: 0x182B (421376 bytes)
Found at: 0x2C753 (20992 bytes)
Scan ended on D:\\tmp2\NFL Schedule\NFL Schedule_files\word/activeX/activeX1.bin at [27 May 14 @ 14:41:49]
Scan started on D:\\tmp2\NFL Schedule\NFL Schedule_files\word/activeX/activeX2.bin at [27 May 14 @ 14:41:49]
Gathering search hits...
Parsing EXEs...
Scan ended on D:\\tmp2\NFL Schedule\NFL Schedule_files\word/activeX/activeX2.bin at [27 May 14 @ 14:41:49]
Scan started on D:\\tmp2\NFL Schedule\NFL Schedule_files\word/activeX/activeX3.bin at [27 May 14 @ 14:41:49]
Gathering search hits...
Parsing EXEs...
Scan ended on D:\\tmp2\NFL Schedule\NFL Schedule_files\word/activeX/activeX3.bin at [27 May 14 @ 14:41:49]
Scan started on D:\\tmp2\NFL Schedule\NFL Schedule_files\word/activeX/activeX4.bin at [27 May 14 @ 14:42:35]
Gathering search hits...
Parsing EXEs...
Scan ended on D:\\tmp2\NFL Schedule\NFL Schedule_files\word/activeX/activeX4.bin at [27 May 14 @ 14:42:35]
Scan started on D:\\tmp2\NFL Schedule\NFL Schedule_files\word/activeX/activeX1.bin at [27 May 14 @ 14:42:35]
Gathering search hits...
Parsing EXEs...
Found at: 0x182B (421376 bytes)
Found at: 0x2C753 (20992 bytes)
Scan ended on D:\\tmp2\NFL Schedule\NFL Schedule_files\word/activeX/activeX1.bin at [27 May 14 @ 14:42:35]
Scan started on D:\\tmp2\NFL Schedule\NFL Schedule_files\word/activeX/activeX2.bin at [27 May 14 @ 14:42:35]
Gathering search hits...
Parsing EXEs...
Scan ended on D:\\tmp2\NFL Schedule\NFL Schedule_files\word/activeX/activeX2.bin at [27 May 14 @ 14:42:35]
Scan started on D:\\tmp2\NFL Schedule\NFL Schedule_files\word/activeX/activeX3.bin at [27 May 14 @ 14:42:35]
Gathering search hits...
Parsing EXEs...
Scan ended on D:\\tmp2\NFL Schedule\NFL Schedule_files\word/activeX/activeX3.bin at [27 May 14 @ 14:42:35]
Scan started on D:\\tmp2\NFL Schedule\NFL Schedule_files\word/activeX/activeX4.bin at [27 May 14 @ 14:43:52]
Gathering search hits...
Parsing EXEs...
Scan ended on D:\\tmp2\NFL Schedule\NFL Schedule_files\word/activeX/activeX4.bin at [27 May 14 @ 14:43:52]
Scan started on D:\\tmp2\NFL Schedule\NFL Schedule_files\word/activeX/activeX1.bin at [27 May 14 @ 14:43:52]
Gathering search hits...
Parsing EXEs...
Found at: 0x182B (421376 bytes)
Found at: 0x2C753 (20992 bytes)
Scan ended on D:\\tmp2\NFL Schedule\NFL Schedule_files\word/activeX/activeX1.bin at [27 May 14 @ 14:43:52]
Scan started on D:\\tmp2\NFL Schedule\NFL Schedule_files\word/activeX/activeX2.bin at [27 May 14 @ 14:43:52]
Gathering search hits...
Parsing EXEs...
Scan ended on D:\\tmp2\NFL Schedule\NFL Schedule_files\word/activeX/activeX2.bin at [27 May 14 @ 14:43:52]
Scan started on D:\\tmp2\NFL Schedule\NFL Schedule_files\word/activeX/activeX3.bin at [27 May 14 @ 14:43:52]
Gathering search hits...
Parsing EXEs...
Scan ended on D:\\tmp2\NFL Schedule\NFL Schedule_files\word/activeX/activeX3.bin at [27 May 14 @ 14:43:52]
Scan started on D:\\tmp2\NFL Schedule\NFL Schedule_files\word/activeX/activeX4.bin at [27 May 14 @ 14:46:24]
Gathering search hits...
Parsing EXEs...
Scan ended on D:\\tmp2\NFL Schedule\NFL Schedule_files\word/activeX/activeX4.bin at [27 May 14 @ 14:46:24]
Scan started on D:\\tmp2\NFL Schedule\NFL Schedule_files\word/activeX/activeX1.bin at [27 May 14 @ 14:46:24]
Gathering search hits...
Parsing EXEs...
Found at: 0x182B (421376 bytes)
Found at: 0x2C753 (20992 bytes)
Scan ended on D:\\tmp2\NFL Schedule\NFL Schedule_files\word/activeX/activeX1.bin at [27 May 14 @ 14:46:24]
Scan started on D:\\tmp2\NFL Schedule\NFL Schedule_files\word/activeX/activeX2.bin at [27 May 14 @ 14:46:24]
Gathering search hits...
Parsing EXEs...
Scan ended on D:\\tmp2\NFL Schedule\NFL Schedule_files\word/activeX/activeX2.bin at [27 May 14 @ 14:46:24]
Scan started on D:\\tmp2\NFL Schedule\NFL Schedule_files\word/activeX/activeX3.bin at [27 May 14 @ 14:46:24]
Gathering search hits...
Parsing EXEs...
Scan ended on D:\\tmp2\NFL Schedule\NFL Schedule_files\word/activeX/activeX3.bin at [27 May 14 @ 14:46:24]
Scan started on D:\\tmp2\NFL Schedule\NFL Schedule_files\word/activeX/activeX4.bin at [27 May 14 @ 14:51:13]
Gathering search hits...
Parsing EXEs...
Scan ended on D:\\tmp2\NFL Schedule\NFL Schedule_files\word/activeX/activeX4.bin at [27 May 14 @ 14:51:13]
Scan started on D:\\tmp2\NFL Schedule\NFL Schedule_files\word/activeX/activeX1.bin at [27 May 14 @ 14:51:13]
Gathering search hits...
Parsing EXEs...
Found at: 0x182B (421376 bytes)
Found at: 0x2C753 (20992 bytes)
Scan ended on D:\\tmp2\NFL Schedule\NFL Schedule_files\word/activeX/activeX1.bin at [27 May 14 @ 14:51:13]
Scan started on D:\\tmp2\NFL Schedule\NFL Schedule_files\word/activeX/activeX2.bin at [27 May 14 @ 14:51:13]
Gathering search hits...
Parsing EXEs...
Scan ended on D:\\tmp2\NFL Schedule\NFL Schedule_files\word/activeX/activeX2.bin at [27 May 14 @ 14:51:13]
Scan started on D:\\tmp2\NFL Schedule\NFL Schedule_files\word/activeX/activeX3.bin at [27 May 14 @ 14:51:13]
Gathering search hits...
Parsing EXEs...
Scan ended on D:\\tmp2\NFL Schedule\NFL Schedule_files\word/activeX/activeX3.bin at [27 May 14 @ 14:51:13]
Scan started on D:\\tmp2\NFL Schedule\NFL Schedule_files\word/activeX/activeX4.bin at [27 May 14 @ 14:54:50]
Gathering search hits...
Parsing EXEs...
Scan ended on D:\\tmp2\NFL Schedule\NFL Schedule_files\word/activeX/activeX4.bin at [27 May 14 @ 14:54:50]
Scan started on D:\\tmp2\NFL Schedule\NFL Schedule_files\word/activeX/activeX1.bin at [27 May 14 @ 14:54:50]
Gathering search hits...
Parsing EXEs...
Found at: 0x182B (421376 bytes)
Found at: 0x2C753 (20992 bytes)
Scan ended on D:\\tmp2\NFL Schedule\NFL Schedule_files\word/activeX/activeX1.bin at [27 May 14 @ 14:54:50]
Scan started on D:\\tmp2\NFL Schedule\NFL Schedule_files\word/activeX/activeX2.bin at [27 May 14 @ 14:54:50]
Gathering search hits...
Parsing EXEs...
Scan ended on D:\\tmp2\NFL Schedule\NFL Schedule_files\word/activeX/activeX2.bin at [27 May 14 @ 14:54:50]
Scan started on D:\\tmp2\NFL Schedule\NFL Schedule_files\word/activeX/activeX3.bin at [27 May 14 @ 14:54:50]
Gathering search hits...
Parsing EXEs...
Scan ended on D:\\tmp2\NFL Schedule\NFL Schedule_files\word/activeX/activeX3.bin at [27 May 14 @ 14:54:50]
